<?xml version="1.0" encoding="UTF-8"?>
<!-- Generated by org.testng.reporters.JUnitReportReporter -->
<testsuite skipped="0" hostname="LAPTOP-QG30GNUJ" name="com.tests.RegistrationTest" tests="2" failures="0" timestamp="28 Oct 2018 10:35:23 GMT" time="128.260" errors="0">
  <testcase name="TC002" time="45.613" classname="com.tests.RegistrationTest"/>
  <testcase name="TC001" time="82.647" classname="com.tests.RegistrationTest"/>
</testsuite> <!-- com.tests.RegistrationTest -->
